0 info it worked if it ends with ok
1 verbose cli [ 'C:\\Program Files (x86)\\nodejs\\node.exe',
1 verbose cli   'C:\\Users\\Martin\\AppData\\Roaming\\npm\\node_modules\\npm\\bin\\npm-cli.js',
1 verbose cli   'start' ]
2 info using npm@4.1.2
3 info using node@v7.4.0
4 verbose run-script [ 'prestart', 'start', 'poststart' ]
5 info lifecycle ja@1.0.0~prestart: ja@1.0.0
6 silly lifecycle ja@1.0.0~prestart: no script for prestart, continuing
7 info lifecycle ja@1.0.0~start: ja@1.0.0
8 verbose lifecycle ja@1.0.0~start: unsafe-perm in lifecycle true
9 verbose lifecycle ja@1.0.0~start: PATH: C:\Users\Martin\AppData\Roaming\npm\node_modules\npm\bin\node-gyp-bin;C:\Users\Martin\Desktop\nodejs\FromZeroToStuff\node_modules\.bin;C:\Users\Martin\bin;C:\Program Files\Git\mingw64\bin;C:\Program Files\Git\usr\local\bin;C:\Program Files\Git\usr\bin;C:\Program Files\Git\usr\bin;C:\Program Files\Git\mingw64\bin;C:\Program Files\Git\usr\bin;C:\Users\Martin\bin;C:\ProgramData\Oracle\Java\javapath;C:\Program Files (x86)\Intel\TXE Components\TCS;C:\Program Files\Intel\TXE Components\TCS;C:\WINDOWS\system32;C:\WINDOWS;C:\WINDOWS\System32\Wbem;C:\WINDOWS\System32\WindowsPowerShell\v1.0;C:\Program Files\Git\cmd;C:\Program Files (x86)\nodejs;C:\Program Files (x86)\GtkSharp\2.12\bin;C:\HashiCorp\Vagrant\bin;C:\Program Files\Apache Software Foundation\apache-maven-3.3.9\bin;C:\Users\Martin\AppData\Local\Microsoft\WindowsApps;C:\Users\Martin\AppData\Roaming\npm;C:\Program Files (x86)\Microsoft VS Code\bin;C:\Program Files\Git\usr\bin\vendor_perl;C:\Program Files\Git\usr\bin\core_perl
10 verbose lifecycle ja@1.0.0~start: CWD: C:\Users\Martin\Desktop\nodejs\FromZeroToStuff
11 silly lifecycle ja@1.0.0~start: Args: [ '/d /s /c', 'node ./bin/www' ]
12 silly lifecycle ja@1.0.0~start: Returned: code: 1  signal: null
13 info lifecycle ja@1.0.0~start: Failed to exec start script
14 verbose stack Error: ja@1.0.0 start: `node ./bin/www`
14 verbose stack Exit status 1
14 verbose stack     at EventEmitter.<anonymous> (C:\Users\Martin\AppData\Roaming\npm\node_modules\npm\lib\utils\lifecycle.js:279:16)
14 verbose stack     at emitTwo (events.js:106:13)
14 verbose stack     at EventEmitter.emit (events.js:191:7)
14 verbose stack     at ChildProcess.<anonymous> (C:\Users\Martin\AppData\Roaming\npm\node_modules\npm\lib\utils\spawn.js:40:14)
14 verbose stack     at emitTwo (events.js:106:13)
14 verbose stack     at ChildProcess.emit (events.js:191:7)
14 verbose stack     at maybeClose (internal/child_process.js:885:16)
14 verbose stack     at Process.ChildProcess._handle.onexit (internal/child_process.js:226:5)
15 verbose pkgid ja@1.0.0
16 verbose cwd C:\Users\Martin\Desktop\nodejs\FromZeroToStuff
17 error Windows_NT 10.0.14393
18 error argv "C:\\Program Files (x86)\\nodejs\\node.exe" "C:\\Users\\Martin\\AppData\\Roaming\\npm\\node_modules\\npm\\bin\\npm-cli.js" "start"
19 error node v7.4.0
20 error npm  v4.1.2
21 error code ELIFECYCLE
22 error ja@1.0.0 start: `node ./bin/www`
22 error Exit status 1
23 error Failed at the ja@1.0.0 start script 'node ./bin/www'.
23 error Make sure you have the latest version of node.js and npm installed.
23 error If you do, this is most likely a problem with the ja package,
23 error not with npm itself.
23 error Tell the author that this fails on your system:
23 error     node ./bin/www
23 error You can get information on how to open an issue for this project with:
23 error     npm bugs ja
23 error Or if that isn't available, you can get their info via:
23 error     npm owner ls ja
23 error There is likely additional logging output above.
24 verbose exit [ 1, true ]
